2021-03-16 11:24:21 [tenant=] [INFO] [main] - com.formz.FormzApplication.main():33 - STARTING APPLICATION
2021-03-16 11:24:21 [tenant=] [INFO] [restartedMain] - com.formz.FormzApplication.main():33 - STARTING APPLICATION
2021-03-16 11:24:22 [tenant=] [INFO] [restartedMain] - com.formz.FormzApplication.logStarting():55 - Starting FormzApplication using Java 11.0.9.1 on ags-d-159 with PID 9457 (/home/makarand/Desktop/Formz-Git/New- clone/Formz/formz/target/classes started by makarand in /home/makarand/Desktop/Formz-Git/New- clone/Formz/formz)
2021-03-16 11:24:22 [tenant=] [INFO] [restartedMain] - com.formz.FormzApplication.logStartupProfileInfo():664 - The following profiles are active: dev
2021-03-16 11:24:22 [tenant=] [INFO] [restartedMain] - org.springframework.boot.devtools.env.DevToolsPropertyDefaultsPostProcessor.logTo():255 - Devtools property defaults active! Set 'spring.devtools.add-properties' to 'false' to disable
2021-03-16 11:24:22 [tenant=] [INFO] [restartedMain] - org.springframework.boot.devtools.env.DevToolsPropertyDefaultsPostProcessor.logTo():255 - For additional web related logging consider setting the 'logging.level.web' property to 'DEBUG'
2021-03-16 11:24:23 [tenant=] [INFO] [restartedMain] - org.springframework.data.repository.config.RepositoryConfigurationDelegate.registerRepositoriesIn():128 - Bootstrapping Spring Data JPA repositories in DEFAULT mode.
2021-03-16 11:24:23 [tenant=] [INFO] [restartedMain] - org.springframework.data.repository.config.RepositoryConfigurationDelegate.registerRepositoriesIn():188 - Finished Spring Data repository scanning in 107 ms. Found 8 JPA repository interfaces.
2021-03-16 11:24:24 [tenant=] [INFO] [restartedMain] - org.springframework.context.support.PostProcessorRegistrationDelegate$BeanPostProcessorChecker.postProcessAfterInitialization():376 - Bean 'asyncConfig' of type [com.formz.config.AsyncConfig$$EnhancerBySpringCGLIB$$85c91ffa] is not eligible for getting processed by all BeanPostProcessors (for example: not eligible for auto-proxying)
2021-03-16 11:24:25 [tenant=] [INFO] [restartedMain] - org.springframework.boot.web.embedded.tomcat.TomcatWebServer.initialize():108 - Tomcat initialized with port(s): 8080 (http)
2021-03-16 11:24:25 [tenant=] [INFO] [restartedMain] - org.springframework.boot.web.servlet.context.ServletWebServerApplicationContext.prepareWebApplicationContext():289 - Root WebApplicationContext: initialization completed in 3108 ms
2021-03-16 11:24:26 [tenant=] [INFO] [restartedMain] - org.hibernate.jpa.internal.util.LogHelper.logPersistenceUnitInformation():31 - HHH000204: Processing PersistenceUnitInfo [name: default]
2021-03-16 11:24:26 [tenant=] [INFO] [restartedMain] - org.hibernate.Version.logVersion():44 - HHH000412: Hibernate ORM core version 5.4.28.Final
2021-03-16 11:24:26 [tenant=] [INFO] [restartedMain] - org.hibernate.annotations.common.Version.<clinit>():56 - HCANN000001: Hibernate Commons Annotations {5.1.2.Final}
2021-03-16 11:24:28 [tenant=] [INFO] [restartedMain] - org.hibernate.dialect.Dialect.<init>():175 - HHH000400: Using dialect: org.hibernate.dialect.MySQL57Dialect
2021-03-16 11:24:29 [tenant=] [INFO] [restartedMain] - org.hibernate.engine.transaction.jta.platform.internal.JtaPlatformInitiator.initiateService():52 - HHH000490: Using JtaPlatform implementation: [org.hibernate.engine.transaction.jta.platform.internal.NoJtaPlatform]
2021-03-16 11:24:29 [tenant=] [INFO] [restartedMain] - org.springframework.orm.jpa.LocalContainerEntityManagerFactoryBean.buildNativeEntityManagerFactory():437 - Initialized JPA EntityManagerFactory for persistence unit 'default'
2021-03-16 11:24:29 [tenant=] [INFO] [restartedMain] - org.springframework.boot.devtools.autoconfigure.OptionalLiveReloadServer.startServer():58 - LiveReload server is running on port 35729
2021-03-16 11:24:30 [tenant=] [WARN] [restartedMain] - org.springframework.boot.autoconfigure.orm.jpa.JpaBaseConfiguration$JpaWebConfiguration.openEntityManagerInViewInterceptor():221 - spring.jpa.open-in-view is enabled by default. Therefore, database queries may be performed during view rendering. Explicitly configure spring.jpa.open-in-view to disable this warning
2021-03-16 11:24:31 [tenant=] [INFO] [restartedMain] - org.springframework.security.web.DefaultSecurityFilterChain.<init>():51 - Will secure Ant [pattern='/swagger-ui.html'] with []
2021-03-16 11:24:31 [tenant=] [INFO] [restartedMain] - org.springframework.security.web.DefaultSecurityFilterChain.<init>():51 - Will secure Ant [pattern='/auth/login'] with []
2021-03-16 11:24:31 [tenant=] [INFO] [restartedMain] - org.springframework.security.web.DefaultSecurityFilterChain.<init>():51 - Will secure Ant [pattern='/auth/activate-user'] with []
2021-03-16 11:24:31 [tenant=] [INFO] [restartedMain] - org.springframework.security.web.DefaultSecurityFilterChain.<init>():51 - Will secure Ant [pattern='/form-data/getname'] with []
2021-03-16 11:24:31 [tenant=] [INFO] [restartedMain] - org.springframework.security.web.DefaultSecurityFilterChain.<init>():51 - Will secure Ant [pattern='/**', OPTIONS] with []
2021-03-16 11:24:31 [tenant=] [INFO] [restartedMain] - springfox.documentation.spring.web.PropertySourcedRequestMappingHandlerMapping.initHandlerMethods():69 - Mapped URL path [/v2/api-docs] onto method [springfox.documentation.swagger2.web.Swagger2Controller#getDocumentation(String, HttpServletRequest)]
2021-03-16 11:24:31 [tenant=] [INFO] [restartedMain] - org.springframework.security.web.DefaultSecurityFilterChain.<init>():51 - Will secure any request with [org.springframework.security.web.context.request.async.WebAsyncManagerIntegrationFilter@b2157ea, org.springframework.security.web.context.SecurityContextPersistenceFilter@3e7971b4, org.springframework.security.web.header.HeaderWriterFilter@743d518, org.springframework.web.filter.CorsFilter@15940d2f, org.springframework.security.web.authentication.logout.LogoutFilter@2f494098, com.formz.multitenancy.TenantInterceptor@521228a, org.springframework.security.web.savedrequest.RequestCacheAwareFilter@857c1d1, org.springframework.security.web.servletapi.SecurityContextHolderAwareRequestFilter@56a89a57, org.springframework.security.web.authentication.AnonymousAuthenticationFilter@f48b4ee, org.springframework.security.web.session.SessionManagementFilter@3914ce95, org.springframework.security.web.access.ExceptionTranslationFilter@14c207cb, org.springframework.security.web.access.intercept.FilterSecurityInterceptor@db38647]
2021-03-16 11:24:32 [tenant=] [INFO] [restartedMain] - org.springframework.scheduling.concurrent.ThreadPoolTaskExecutor.initialize():181 - Initializing ExecutorService 'applicationTaskExecutor'
2021-03-16 11:24:32 [tenant=] [INFO] [restartedMain] - org.springframework.boot.web.embedded.tomcat.TomcatWebServer.start():220 - Tomcat started on port(s): 8080 (http) with context path ''
2021-03-16 11:24:32 [tenant=] [INFO] [restartedMain] - com.formz.FormzApplication.logStarted():61 - Started FormzApplication in 11.133 seconds (JVM running for 14.846)
2021-03-16 11:24:32 [tenant=] [INFO] [restartedMain] - com.formz.FormzApplication.main():35 - APPLICATION STARTED
2021-03-16 11:24:47 [tenant=] [INFO] [http-nio-8080-exec-1] - org.springframework.web.servlet.DispatcherServlet.initServletBean():525 - Initializing Servlet 'dispatcherServlet'
2021-03-16 11:24:47 [tenant=] [INFO] [http-nio-8080-exec-1] - org.springframework.web.servlet.DispatcherServlet.initServletBean():547 - Completed initialization in 1 ms
